{"name": "test_checkout_button_visibility[chrome]", "status": "broken", "statusDetails": {"message": "selenium.common.exceptions.TimeoutException: Message:", "trace": "self = <Framework.tests.test_CheckoutPage.TestCheckoutPage object at 0x104b332b0>\n\n    @pytest.mark.regression\n    def test_checkout_button_visibility(self):\n        self.checkout = CheckOutPage(self.driver)\n>       text = self.checkout.is_checkout_visible()\n\nFramework/tests/test_CheckoutPage.py:19: \n_ _ _ _ _ _ _ _ _ _ _ _ _ _ _ _ _ _ _ _ _ _ _ _ _ _ _ _ _ _ _ _ _ _ _ _ _ _ _ _ \nFramework/pageObjects/CheckoutPage.py:44: in is_checkout_visible\n    return self.get_text(self.checkOut)\nFramework/utilities/BaseClass.py:35: in get_text\n    element = WebDriverWait(self.driver, 10).until(EC.visibility_of_element_located(by_locator))\n_ _ _ _ _ _ _ _ _ _ _ _ _ _ _ _ _ _ _ _ _ _ _ _ _ _ _ _ _ _ _ _ _ _ _ _ _ _ _ _ \n\nself = <selenium.webdriver.support.wait.WebDriverWait (session=\"fe84174e064faf55be520d2d2857e005\")>\nmethod = <function visibility_of_element_located.<locals>._predicate at 0x104b07b50>\nmessage = ''\n\n    def until(self, method, message: str = \"\"):\n        \"\"\"Calls the method provided with the driver as an argument until the \\\n        return value does not evaluate to ``False``.\n    \n        :param method: callable(WebDriver)\n        :param message: optional message for :exc:`TimeoutException`\n        :returns: the result of the last call to `method`\n        :raises: :exc:`selenium.common.exceptions.TimeoutException` if timeout occurs\n        \"\"\"\n        screen = None\n        stacktrace = None\n    \n        end_time = time.monotonic() + self._timeout\n        while True:\n            try:\n                value = method(self._driver)\n                if value:\n                    return value\n            except self._ignored_exceptions as exc:\n                screen = getattr(exc, 'screen', None)\n                stacktrace = getattr(exc, 'stacktrace', None)\n            time.sleep(self._poll)\n            if time.monotonic() > end_time:\n                break\n>       raise TimeoutException(message, screen, stacktrace)\nE       selenium.common.exceptions.TimeoutException: Message:\n\n/Library/Frameworks/Python.framework/Versions/3.10/lib/python3.10/site-packages/selenium/webdriver/support/wait.py:90: TimeoutException"}, "parameters": [{"name": "init_driver", "value": "'chrome'"}], "start": 1657675002412, "stop": 1657675016540, "uuid": "1fa2e437-9543-4267-aeab-51d95078e15e", "historyId": "2feebcb00448a274f563ca249f7d0ed1", "testCaseId": "b8764e4396fd31abed8d09e9cd47c64b", "fullName": "Framework.tests.test_CheckoutPage.TestCheckoutPage#test_checkout_button_visibility", "labels": [{"name": "tag", "value": "regression"}, {"name": "tag", "value": "@pytest.mark.usefixtures('init_driver')"}, {"name": "parentSuite", "value": "Framework.tests"}, {"name": "suite", "value": "test_CheckoutPage"}, {"name": "subSuite", "value": "TestCheckoutPage"}, {"name": "host", "value": "Slomos-MacBook-Pro.local"}, {"name": "thread", "value": "62100-MainThread"}, {"name": "framework", "value": "pytest"}, {"name": "language", "value": "cpython3"}, {"name": "package", "value": "Framework.tests.test_CheckoutPage"}]}