{"name": "test_checkout_form_checkbox_clickable[chrome]", "status": "broken", "statusDetails": {"message": "selenium.common.exceptions.TimeoutException: Message:", "trace": "self = <Framework.tests.test_CheckoutPage.TestCheckoutPage object at 0x105ecfd30>\n\n    @pytest.mark.regression\n    def test_checkout_form_checkbox_clickable(self):\n        self.checkout = CheckOutPage(self.driver)\n>       flag = self.checkout.is_form_checkbox_clickable()\n\nFramework/tests/test_CheckoutPage.py:105: \n_ _ _ _ _ _ _ _ _ _ _ _ _ _ _ _ _ _ _ _ _ _ _ _ _ _ _ _ _ _ _ _ _ _ _ _ _ _ _ _ \nFramework/pageObjects/CheckoutPage.py:108: in is_form_checkbox_clickable\n    self.do_click(self.checkOut)\nFramework/utilities/BaseClass.py:29: in do_click\n    WebDriverWait(self.driver, 10).until(EC.visibility_of_element_located(by_locator)).click()\n_ _ _ _ _ _ _ _ _ _ _ _ _ _ _ _ _ _ _ _ _ _ _ _ _ _ _ _ _ _ _ _ _ _ _ _ _ _ _ _ \n\nself = <selenium.webdriver.support.wait.WebDriverWait (session=\"6969638c88e4fbc3fd673aee86f15d9a\")>\nmethod = <function visibility_of_element_located.<locals>._predicate at 0x1069367a0>\nmessage = ''\n\n    def until(self, method, message: str = \"\"):\n        \"\"\"Calls the method provided with the driver as an argument until the \\\n        return value does not evaluate to ``False``.\n    \n        :param method: callable(WebDriver)\n        :param message: optional message for :exc:`TimeoutException`\n        :returns: the result of the last call to `method`\n        :raises: :exc:`selenium.common.exceptions.TimeoutException` if timeout occurs\n        \"\"\"\n        screen = None\n        stacktrace = None\n    \n        end_time = time.monotonic() + self._timeout\n        while True:\n            try:\n                value = method(self._driver)\n                if value:\n                    return value\n            except self._ignored_exceptions as exc:\n                screen = getattr(exc, 'screen', None)\n                stacktrace = getattr(exc, 'stacktrace', None)\n            time.sleep(self._poll)\n            if time.monotonic() > end_time:\n                break\n>       raise TimeoutException(message, screen, stacktrace)\nE       selenium.common.exceptions.TimeoutException: Message:\n\n/Library/Frameworks/Python.framework/Versions/3.10/lib/python3.10/site-packages/selenium/webdriver/support/wait.py:90: TimeoutException"}, "parameters": [{"name": "init_driver", "value": "'chrome'"}], "start": 1657675026271, "stop": 1657675037695, "uuid": "46ba6649-bf90-4dad-8c2b-b3fec4805638", "historyId": "bf750b418c074e10fbcf5428903fc0a0", "testCaseId": "c485994a4796e693c093874eb09582d1", "fullName": "Framework.tests.test_CheckoutPage.TestCheckoutPage#test_checkout_form_checkbox_clickable", "labels": [{"name": "tag", "value": "regression"}, {"name": "tag", "value": "@pytest.mark.usefixtures('init_driver')"}, {"name": "parentSuite", "value": "Framework.tests"}, {"name": "suite", "value": "test_CheckoutPage"}, {"name": "subSuite", "value": "TestCheckoutPage"}, {"name": "host", "value": "Slomos-MacBook-Pro.local"}, {"name": "thread", "value": "62099-MainThread"}, {"name": "framework", "value": "pytest"}, {"name": "language", "value": "cpython3"}, {"name": "package", "value": "Framework.tests.test_CheckoutPage"}]}