{"name": "test_checkout_checkout_functionality[chrome]", "status": "broken", "statusDetails": {"message": "selenium.common.exceptions.TimeoutException: Message:", "trace": "self = <Framework.tests.test_CheckoutPage.TestCheckoutPage object at 0x1064042e0>\n\n    @pytest.mark.regression\n    def test_checkout_checkout_functionality(self):\n        self.checkout = CheckOutPage(self.driver)\n>       flag = self.checkout.is_checkout_functional()\n\nFramework/tests/test_CheckoutPage.py:69: \n_ _ _ _ _ _ _ _ _ _ _ _ _ _ _ _ _ _ _ _ _ _ _ _ _ _ _ _ _ _ _ _ _ _ _ _ _ _ _ _ \nFramework/pageObjects/CheckoutPage.py:77: in is_checkout_functional\n    self.do_click(self.checkOut)\nFramework/utilities/BaseClass.py:29: in do_click\n    WebDriverWait(self.driver, 10).until(EC.visibility_of_element_located(by_locator)).click()\n_ _ _ _ _ _ _ _ _ _ _ _ _ _ _ _ _ _ _ _ _ _ _ _ _ _ _ _ _ _ _ _ _ _ _ _ _ _ _ _ \n\nself = <selenium.webdriver.support.wait.WebDriverWait (session=\"48e4e55542d2a767b39aa3b01ca32873\")>\nmethod = <function visibility_of_element_located.<locals>._predicate at 0x106435510>\nmessage = ''\n\n    def until(self, method, message: str = \"\"):\n        \"\"\"Calls the method provided with the driver as an argument until the \\\n        return value does not evaluate to ``False``.\n    \n        :param method: callable(WebDriver)\n        :param message: optional message for :exc:`TimeoutException`\n        :returns: the result of the last call to `method`\n        :raises: :exc:`selenium.common.exceptions.TimeoutException` if timeout occurs\n        \"\"\"\n        screen = None\n        stacktrace = None\n    \n        end_time = time.monotonic() + self._timeout\n        while True:\n            try:\n                value = method(self._driver)\n                if value:\n                    return value\n            except self._ignored_exceptions as exc:\n                screen = getattr(exc, 'screen', None)\n                stacktrace = getattr(exc, 'stacktrace', None)\n            time.sleep(self._poll)\n            if time.monotonic() > end_time:\n                break\n>       raise TimeoutException(message, screen, stacktrace)\nE       selenium.common.exceptions.TimeoutException: Message:\n\n/Library/Frameworks/Python.framework/Versions/3.10/lib/python3.10/site-packages/selenium/webdriver/support/wait.py:90: TimeoutException"}, "parameters": [{"name": "init_driver", "value": "'chrome'"}], "start": 1657675014690, "stop": 1657675025944, "uuid": "24c540b1-2e92-46f5-b6de-ebbf93c77aa1", "historyId": "5281f69b2e29d2f43c8a0991997c6c9b", "testCaseId": "bde1d994a4a3228dc1d416c493757da2", "fullName": "Framework.tests.test_CheckoutPage.TestCheckoutPage#test_checkout_checkout_functionality", "labels": [{"name": "tag", "value": "regression"}, {"name": "tag", "value": "@pytest.mark.usefixtures('init_driver')"}, {"name": "parentSuite", "value": "Framework.tests"}, {"name": "suite", "value": "test_CheckoutPage"}, {"name": "subSuite", "value": "TestCheckoutPage"}, {"name": "host", "value": "Slomos-MacBook-Pro.local"}, {"name": "thread", "value": "62103-MainThread"}, {"name": "framework", "value": "pytest"}, {"name": "language", "value": "cpython3"}, {"name": "package", "value": "Framework.tests.test_CheckoutPage"}]}